<?xml version="1.0" encoding="utf-8" standalone="no"?>
<test-results xmlns:xsi="http://www.w3.org/2001/XMLSchema-instance" xsi:noNamespaceSchemaLocation="nunit_schema_2.5.xsd" name="Pester" total="3" errors="0" failures="0" not-run="0" inconclusive="0" ignored="0" skipped="0" invalid="0" date="2026-07-19" time="07:34:11">
  <environment platform="Microsoft Windows 11 Home|C:\WINDOWS|\Device\Harddisk0\Partition3" user-domain="KEMRA" nunit-version="2.5.8.0" machine-name="KEMRA" os-version="10.0.26200" clr-version="" user="essoc" cwd="C:\KOS DEV PLATEFORM\project-11940621" />
  <culture-info current-culture="en-US" current-uiculture="en-US" />
  <test-suite type="Powershell" name="Pester" executed="True" result="Success" success="True" time="0.0332" asserts="0">
    <results>
      <test-suite type="TestFixture" name="KOS S6 RegTech Compliance" executed="True" result="Success" success="True" time="0.0332" asserts="0" description="KOS S6 RegTech Compliance">
        <results>
          <test-case description="MiCA-01: Whitepaper exists" name="KOS S6 RegTech Compliance.MiCA-01: Whitepaper exists" time="0.0271" asserts="0" success="True" result="Success" executed="True" />
          <test-case description="MiCA-02: Reserve policy exists" name="KOS S6 RegTech Compliance.MiCA-02: Reserve policy exists" time="0.0023" asserts="0" success="True" result="Success" executed="True" />
          <test-case description="MiCA-03: ESMA template exists" name="KOS S6 RegTech Compliance.MiCA-03: ESMA template exists" time="0.0038" asserts="0" success="True" result="Success" executed="True" />
        </results>
      </test-suite>
    </results>
  </test-suite>
</test-results>