============================= test session starts =============================
platform win32 -- Python 3.14.6, pytest-9.1.1, pluggy-1.6.0 -- C:\miniconda3\python.exe
cachedir: .pytest_cache
metadata: {'Python': '3.14.6', 'Platform': 'Windows-11-10.0.26200-SP0', 'Packages': {'pytest': '9.1.1', 'pluggy': '1.6.0'}, 'Plugins': {'anyio': '4.14.2', 'langsmith': '0.10.15', 'html': '4.2.0', 'metadata': '3.1.1'}}
rootdir: C:\Users\essoc\OneDrive\Documents\GitHub\kos-platform
plugins: anyio-4.14.2, langsmith-0.10.15, html-4.2.0, metadata-3.1.1
collecting ... collected 4 items

tests/tenant_isolation/test_isolation.py::test_tenant_a_cannot_read_b PASSED [ 25%]
tests/tenant_isolation/test_isolation.py::test_service_role_never_exposed_to_client PASSED [ 50%]
tests/rag/test_grounding.py::test_rag_fail_closed_without_key PASSED     [ 75%]
tests/rag/test_grounding.py::test_rag_threshold PASSED                   [100%]

============================== 4 passed in 0.06s ==============================
